C51 COMPILER V9.60.7.0   BF7615BMXX_XXXX_API_LVDT                                          04/23/2024 20:16:28 PAGE 1   


C51 COMPILER V9.60.7.0, COMPILATION OF MODULE BF7615BMXX_XXXX_API_LVDT
OBJECT MODULE PLACED IN .\Output\BF7615BMXX_XXXX_API_LVDT.obj
COMPILER INVOKED BY: C:\Keil_v5\C51\BIN\C51.EXE BF7615BMXX_XXXX_Library\BF7615BMXX_XXXX_API_Lib\BF7615BMXX_XXXX_API_LVDT
                    -.c LARGE OMF2 OPTIMIZE(3,SPEED) BROWSE INCDIR(.\Application_Library;.\BF7615BMXX_XXXX_Library;.\Code;.\Project;.\Hardwar
                    -e) DEBUG PRINT(.\List\BF7615BMXX_XXXX_API_LVDT.lst) TABS(2) OBJECT(.\Output\BF7615BMXX_XXXX_API_LVDT.obj)

line level    source

   1          #include ".\BF7615BMXX_XXXX_Library\Config.h"
   2          #if VolDet_EN
   3            bit Low_Volotage_Flag = 0;
   4            bit Low_Volotage_Flag_Confirm = 0;
   5            bit Low_Volotage_Flag_First = 0;
   6            uint xdata Low_Volotage_Flag_Count = 0;
   7            uint xdata Low_Volotage_Flag_Confirm_count = 0;
   8          #endif
   9          
  10           #if ((VolDet_EN == 1))
  11            #pragma message "编译,LVDT功能"
*** MESSAGE C286 IN LINE 11 OF BF7615BMXX_XXXX_Library\BF7615BMXX_XXXX_API_Lib\BF7615BMXX_XXXX_API_LVDT.c: 编译,LVDT功能
  12            //-----------------------------------------------------------------//
  13            //函数名称： void LVDT_Init(void)
  14            //函数功能： 降压升压检测初始化
  15            //输入参数： 无
  16            //输出参数： 无
  17            //返 回 值： 无
  18            //-----------------------------------------------------------------//
  19            #if ((VolDet_EN == 1))
  20            void LVDT_Init(void)
  21            {
  22   1          EA = 0;//关总中断；
  23   1          LVDT_IP_SET;//设置降压升压检中断优级为高，根据实际应运设置优先级
  24   1          LVDT_INT_FLAG_CLR;//清除低电压检测中断标志位
  25   1          LVDT_INT_DOWN_FLAG_CLR;//清除电压下降中断标志位 
  26   1          LVDT_INT_UP_FLAG_CLR;//清除电压上升中断标志位LVDT_ON;//开启低电压检测模块
  27   1          LVDT_ON_OFF_SET(0);//0为开启LVDT检测模块,1为关闭LVDT检测模块
  28   1          LVDT_VOL_SET(2);//2设置低电压升检测点:(0-2.7V)-(1-3.0V)-(2-3.8V)
  29   1          LVDT_IE_SET;//使能降压升压检中断
  30   1          EA = 1;//开总中断    
  31   1        }
  32            #endif
  33            //-----------------------------------------------------------------//
  34            //函数名称： void LVDT_ISR() interrupt 16
  35            //函数功能： 降压升压检测中断，LVDT模块
  36            //输入参数： 无
  37            //输出参数： 无
  38            //返 回 值： 无
  39            //-----------------------------------------------------------------// 
  40            void LVDT_ISR() interrupt 16
  41            { 
  42   1          static uchar xdata addr_bak = 0;
  43   1          PUSH_REG_ADDR_SFR();
  44   1          LVDT_INT_FLAG_CLR;//清除降压升压中断标志位
  45   1      
  46   1          if(INT_POBO_STAT&0x01)
  47   1          {
  48   2            Low_Volotage_Flag = 1;
  49   2            LVDT_INT_DOWN_FLAG_CLR;//清除电压下降中断标志位 
  50   2          }
  51   1          if(INT_POBO_STAT&0x02)
  52   1          {
C51 COMPILER V9.60.7.0   BF7615BMXX_XXXX_API_LVDT                                          04/23/2024 20:16:28 PAGE 2   

  53   2            LVDT_INT_UP_FLAG_CLR;//清除电压上升中断标志位 
  54   2            Low_Volotage_Flag = 0;
  55   2            Low_Volotage_Flag_Confirm = 0;
  56   2            Low_Volotage_Flag_Count = 0;
  57   2          }   
  58   1          POP_REG_ADDR_SFR(); 
  59   1        }
  60               
  61            #endif


MODULE INFORMATION:   STATIC OVERLAYABLE
   CODE SIZE        =     95    ----
   CONSTANT SIZE    =   ----    ----
   XDATA SIZE       =      5    ----
   PDATA SIZE       =   ----    ----
   DATA SIZE        =   ----    ----
   IDATA SIZE       =   ----    ----
   BIT SIZE         =      3    ----
   EDATA SIZE       =   ----    ----
   HDATA SIZE       =   ----    ----
   XDATA CONST SIZE =   ----    ----
   FAR CONST SIZE   =   ----    ----
END OF MODULE INFORMATION.


C51 COMPILATION COMPLETE.  0 WARNING(S),  0 ERROR(S)
