C51 COMPILER V9.60.7.0   LED                                                               04/23/2024 20:16:29 PAGE 1   


C51 COMPILER V9.60.7.0, COMPILATION OF MODULE LED
OBJECT MODULE PLACED IN .\Output\Led.obj
COMPILER INVOKED BY: C:\Keil_v5\C51\BIN\C51.EXE Hardware\Led.c LARGE OMF2 OPTIMIZE(3,SPEED) BROWSE INCDIR(.\Application_
                    -Library;.\BF7615BMXX_XXXX_Library;.\Code;.\Project;.\Hardware) DEBUG PRINT(.\List\Led.lst) TABS(2) OBJECT(.\Output\Led.o
                    -bj)

line level    source

   1          #include "include.h"
*** ERROR C141 IN LINE 10 OF \git\-\ÏîÄ¿\´úÂë\xpz_BF7615BM44_Display\Code\crc.h: syntax error near ',', expected '<id>'
   2          
   3          #include "Led.h"
   4          
   5          
   6          
   7          
   8          
   9          #if(0)
              
              typedef struct{
              
                uint8 LedCom;
              
              }LED_DATA_T;
              
              #endif
  18          
  19          //static LED_DATA_T m_LedData;
  20          volatile LED_DATA_T m_LedData;
  21          
  22          
  23          void Led_init(){
  24   1      
  25   1        memset(&m_LedData, 0, sizeof(LED_DATA_T));
  26   1      
  27   1        memset(&g_DisplayLed, 0, sizeof(DISPLAY_LED_T));
  28   1      
  29   1      //  memset(&g_KeyCode,0,sizeof(KEY_CODE_T));
  30   1        
  31   1      
  32   1      }
  33          
  34          
  35          
  36          void Led_All_Open(){
  37   1        Port_COM1 = 0;
  38   1        Port_COM2 = 0;
  39   1      
  40   1        Port_SW1 = 0;     
  41   1        Port_SW2 = 0;   
  42   1        Port_SW3 = 0;   
  43   1        Port_SW4 = 0;     
  44   1        Port_SW5 = 0;     
  45   1        Port_SW6 = 0;     
  46   1        Port_SW7 = 0;   
  47   1        Port_SW8 = 0;   
  48   1        Port_SW9 = 0;   
  49   1        Port_SW10 = 0;      
  50   1        Port_SW11 = 0;
  51   1        Port_SW12 = 0;      
  52   1        Port_SW13 = 0;
C51 COMPILER V9.60.7.0   LED                                                               04/23/2024 20:16:29 PAGE 2   

  53   1        Port_HandMove = 0;
  54   1      
  55   1        r_SM16106 = 0XFFFF;
  56   1      
  57   1        SM16xx_WriteAll();
  58   1        
  59   1        
  60   1      
  61   1      }
  62          
  63          void Led_All_Close(){
  64   1        Port_COM1 = 1;
  65   1        Port_COM2 = 1;
  66   1      
  67   1        Port_SW1 = 1;     
  68   1        Port_SW2 = 1;   
  69   1        Port_SW3 = 1;   
  70   1        Port_SW4 = 1;     
  71   1        Port_SW5 = 1;     
  72   1        Port_SW6 = 1;     
  73   1        Port_SW7 = 1;   
  74   1        Port_SW8 = 1;   
  75   1        Port_SW9 = 1;   
  76   1        Port_SW10 = 1;      
  77   1        Port_SW11 = 1;
  78   1        Port_SW12 = 1;      
  79   1        Port_SW13 = 1;
  80   1        Port_HandMove = 1;
  81   1      
  82   1        memset(pSM16106, 0, sizeof(SM16106_T));
  83   1      
  84   1        SM16xx_WriteAll();
  85   1        
  86   1        
  87   1      
  88   1      }
  89          
  90          
  91          
  92          #if(0)
              
              void Led_100usPool(uint8 area,uint8 brightness){
              
              
                if(g_View.BrightnessTime[area] > 10){
                  g_View.BrightnessTime[area] = 0;
                }else{
                  g_View.BrightnessTime[area] ++;
                }
              
                if(g_View.BrightnessTime[area] == brightness){
                  Led_All_Close();
                }else if(g_View.BrightnessTime[area] == 0){
                  Led_All_Close();
              
                  if(m_LedData.LedCom == AREA_POWER){
                  Port_COM1 = 1;
                  Port_COM2 = 1;
              
                  Port_SW1 = 0;     
                  Port_SW2 = 1;   
                  Port_SW3 = 1;   
C51 COMPILER V9.60.7.0   LED                                                               04/23/2024 20:16:29 PAGE 3   

                  Port_SW4 = 1;     
                  Port_SW5 = 1;     
                  Port_SW6 = 1;     
                  Port_SW7 = 1;   
                  Port_SW8 = 1;   
                  Port_SW9 = 1;   
                  Port_SW10 = 1;      
                  Port_SW11 = 1;
                  Port_SW12 = 1;      
                  Port_SW13 = 1;
                  Port_HandMove = 1;
              
                  memset(pSM16106, 0, sizeof(SM16106_T));
              
                  if(area == AREA_POWER){
                    pSM16106->LED_OUT0 = g_DisplayLed.v_f.key_power_led;
                    pSM16106->LED_OUT1 = g_DisplayLed.v_f.key_power_led;
                    pSM16106->LED_OUT2 = g_DisplayLed.v_f.key_power_led;
                    pSM16106->LED_OUT3 = g_DisplayLed.v_f.key_power_led;
                    pSM16106->LED_OUT4 = g_DisplayLed.v_f.key_power_led;
                    pSM16106->LED_OUT5 = g_DisplayLed.v_f.key_power_led;
                    pSM16106->LED_OUT6 = g_DisplayLed.v_f.key_power_led;
                    pSM16106->LED_OUT7 = g_DisplayLed.v_f.key_power_led;
                    pSM16106->LED_OUT8 = g_DisplayLed.v_f.key_power_led;
                    pSM16106->LED_OUT9 = g_DisplayLed.v_f.key_power_led;
                    pSM16106->LED_OUT10 = g_DisplayLed.v_f.key_power_led;
                  }
              
                  SM16xx_WriteAll();
                  
                }
              
                else if(m_LedData.LedCom == AREA_DOOR){
                  Port_COM1 = 1;
                  Port_COM2 = 1;
              
                  Port_SW1 = 1;     
                  Port_SW2 = 0;   
                  Port_SW3 = 1;   
                  Port_SW4 = 1;     
                  Port_SW5 = 1;     
                  Port_SW6 = 1;     
                  Port_SW7 = 1;   
                  Port_SW8 = 1;   
                  Port_SW9 = 1;   
                  Port_SW10 = 1;      
                  Port_SW11 = 1;
                  Port_SW12 = 1;      
                  Port_SW13 = 1;
                  Port_HandMove = 1;
              
                  memset(pSM16106, 0, sizeof(SM16106_T));
              
                  if(area == AREA_DOOR){
                    pSM16106->LED_OUT0 = g_DisplayLed.v_f.key_door_led;
                    pSM16106->LED_OUT1 = g_DisplayLed.v_f.key_door_led;
                    pSM16106->LED_OUT2 = g_DisplayLed.v_f.key_door_led;
                    pSM16106->LED_OUT3 = g_DisplayLed.v_f.key_door_led;
                    pSM16106->LED_OUT4 = g_DisplayLed.v_f.key_door_led;
                    pSM16106->LED_OUT5 = g_DisplayLed.v_f.key_door_led;
                    pSM16106->LED_OUT6 = g_DisplayLed.v_f.key_door_led;
                    pSM16106->LED_OUT7 = g_DisplayLed.v_f.key_door_led;
C51 COMPILER V9.60.7.0   LED                                                               04/23/2024 20:16:29 PAGE 4   

                    pSM16106->LED_OUT8 = g_DisplayLed.v_f.key_door_led;
                    pSM16106->LED_OUT9 = g_DisplayLed.v_f.key_door_led;
                    pSM16106->LED_OUT10 = g_DisplayLed.v_f.key_door_led;
                  }
              
                  
              
                  SM16xx_WriteAll();
                }
              
                else if(m_LedData.LedCom == AREA_A){
                  Port_COM1 = 1;
                  Port_COM2 = 1;
              
                  Port_SW1 = 1;     
                  Port_SW2 = 1;   
                  Port_SW3 = 0;   
                  Port_SW4 = 1;     
                  Port_SW5 = 1;     
                  Port_SW6 = 1;     
                  Port_SW7 = 1;   
                  Port_SW8 = 1;   
                  Port_SW9 = 1;   
                  Port_SW10 = 1;      
                  Port_SW11 = 1;
                  Port_SW12 = 1;      
                  Port_SW13 = 1;
                  Port_HandMove = 1;
              
                  memset(pSM16106, 0, sizeof(SM16106_T));
              
                  pSM16106->LED_OUT0 = g_DisplayLed.v_f.key_A_led;
                  pSM16106->LED_OUT1 = g_DisplayLed.v_f.key_A_led;
                  pSM16106->LED_OUT2 = g_DisplayLed.v_f.key_A_led;
                  pSM16106->LED_OUT3 = g_DisplayLed.v_f.key_A_led;
                  pSM16106->LED_OUT4 = g_DisplayLed.v_f.key_A_led;
                  pSM16106->LED_OUT5 = g_DisplayLed.v_f.key_A_led;
                  pSM16106->LED_OUT6 = g_DisplayLed.v_f.key_A_led;
                  pSM16106->LED_OUT7 = g_DisplayLed.v_f.key_A_led;
                  pSM16106->LED_OUT8 = g_DisplayLed.v_f.key_A_led;
                  pSM16106->LED_OUT9 = g_DisplayLed.v_f.key_A_led;
                  pSM16106->LED_OUT10 = g_DisplayLed.v_f.key_A_led;
                  pSM16106->LED_OUT11 = g_DisplayLed.v_f.key_A_led;
              
                  SM16xx_WriteAll();
                }
              
                else if(m_LedData.LedCom == AREA_B){
                  Port_COM1 = 1;
                  Port_COM2 = 1;
              
                  Port_SW1 = 1;     
                  Port_SW2 = 1;   
                  Port_SW3 = 1;   
                  Port_SW4 = 0;     
                  Port_SW5 = 1;     
                  Port_SW6 = 1;     
                  Port_SW7 = 1;   
                  Port_SW8 = 1;   
                  Port_SW9 = 1;   
                  Port_SW10 = 1;      
                  Port_SW11 = 1;
C51 COMPILER V9.60.7.0   LED                                                               04/23/2024 20:16:29 PAGE 5   

                  Port_SW12 = 1;      
                  Port_SW13 = 1;
                  Port_HandMove = 1;
              
                  memset(pSM16106, 0, sizeof(SM16106_T));
              
                  pSM16106->LED_OUT0 = g_DisplayLed.v_f.key_B_led;
                  pSM16106->LED_OUT1 = g_DisplayLed.v_f.key_B_led;
                  pSM16106->LED_OUT2 = g_DisplayLed.v_f.key_B_led;
                  pSM16106->LED_OUT3 = g_DisplayLed.v_f.key_B_led;
                  pSM16106->LED_OUT4 = g_DisplayLed.v_f.key_B_led;
                  pSM16106->LED_OUT5 = g_DisplayLed.v_f.key_B_led;
                  pSM16106->LED_OUT6 = g_DisplayLed.v_f.key_B_led;
                  pSM16106->LED_OUT7 = g_DisplayLed.v_f.key_B_led;
                  pSM16106->LED_OUT8 = g_DisplayLed.v_f.key_B_led;
                  pSM16106->LED_OUT9 = g_DisplayLed.v_f.key_B_led;
                  pSM16106->LED_OUT10 = g_DisplayLed.v_f.key_B_led;
                  pSM16106->LED_OUT11 = g_DisplayLed.v_f.key_B_led;
              
                  SM16xx_WriteAll();
                }
              
                else if(m_LedData.LedCom == AREA_C){
                  Port_COM1 = 1;
                  Port_COM2 = 1;
              
                  Port_SW1 = 1;     
                  Port_SW2 = 1;   
                  Port_SW3 = 1;   
                  Port_SW4 = 1;     
                  Port_SW5 = 0;     
                  Port_SW6 = 1;     
                  Port_SW7 = 1;   
                  Port_SW8 = 1;   
                  Port_SW9 = 1;   
                  Port_SW10 = 1;      
                  Port_SW11 = 1;
                  Port_SW12 = 1;      
                  Port_SW13 = 1;
                  Port_HandMove = 1;
              
                  memset(pSM16106, 0, sizeof(SM16106_T));
              
                  pSM16106->LED_OUT0 = g_DisplayLed.v_f.key_C_led;
                  pSM16106->LED_OUT1 = g_DisplayLed.v_f.key_C_led;
                  pSM16106->LED_OUT2 = g_DisplayLed.v_f.key_C_led;
                  pSM16106->LED_OUT3 = g_DisplayLed.v_f.key_C_led;
                  pSM16106->LED_OUT4 = g_DisplayLed.v_f.key_C_led;
                  pSM16106->LED_OUT5 = g_DisplayLed.v_f.key_C_led;
                  pSM16106->LED_OUT6 = g_DisplayLed.v_f.key_C_led;
                  pSM16106->LED_OUT7 = g_DisplayLed.v_f.key_C_led;
                  pSM16106->LED_OUT8 = g_DisplayLed.v_f.key_C_led;
                  pSM16106->LED_OUT9 = g_DisplayLed.v_f.key_C_led;
                  pSM16106->LED_OUT10 = g_DisplayLed.v_f.key_C_led;
                  pSM16106->LED_OUT11 = g_DisplayLed.v_f.key_C_led;
              
                  SM16xx_WriteAll();
                }
              
                else if(m_LedData.LedCom == AREA_D){
                  Port_COM1 = 1;
                  Port_COM2 = 1;
C51 COMPILER V9.60.7.0   LED                                                               04/23/2024 20:16:29 PAGE 6   

              
                  Port_SW1 = 1;     
                  Port_SW2 = 1;   
                  Port_SW3 = 1;   
                  Port_SW4 = 1;     
                  Port_SW5 = 1;     
                  Port_SW6 = 0;     
                  Port_SW7 = 1;   
                  Port_SW8 = 1;   
                  Port_SW9 = 1;   
                  Port_SW10 = 1;      
                  Port_SW11 = 1;
                  Port_SW12 = 1;      
                  Port_SW13 = 1;
                  Port_HandMove = 1;
              
                  memset(pSM16106, 0, sizeof(SM16106_T));
              
                  pSM16106->LED_OUT0 = g_DisplayLed.v_f.key_D_led;
                  pSM16106->LED_OUT1 = g_DisplayLed.v_f.key_D_led;
                  pSM16106->LED_OUT2 = g_DisplayLed.v_f.key_D_led;
                  pSM16106->LED_OUT3 = g_DisplayLed.v_f.key_D_led;
                  pSM16106->LED_OUT4 = g_DisplayLed.v_f.key_D_led;
                  pSM16106->LED_OUT5 = g_DisplayLed.v_f.key_D_led;
                  pSM16106->LED_OUT6 = g_DisplayLed.v_f.key_D_led;
                  pSM16106->LED_OUT7 = g_DisplayLed.v_f.key_D_led;
                  pSM16106->LED_OUT8 = g_DisplayLed.v_f.key_D_led;
                  pSM16106->LED_OUT9 = g_DisplayLed.v_f.key_D_led;
                  pSM16106->LED_OUT10 = g_DisplayLed.v_f.key_D_led;
                  pSM16106->LED_OUT11 = g_DisplayLed.v_f.key_D_led;
              
                  SM16xx_WriteAll();
                }
              
                else if(m_LedData.LedCom == AREA_E){
                  Port_COM1 = 1;
                  Port_COM2 = 1;
              
                  Port_SW1 = 1;     
                  Port_SW2 = 1;   
                  Port_SW3 = 1;   
                  Port_SW4 = 1;     
                  Port_SW5 = 1;     
                  Port_SW6 = 1;     
                  Port_SW7 = 0;   
                  Port_SW8 = 1;   
                  Port_SW9 = 1;   
                  Port_SW10 = 1;      
                  Port_SW11 = 1;
                  Port_SW12 = 1;      
                  Port_SW13 = 1;
                  Port_HandMove = 1;
              
                  memset(pSM16106, 0, sizeof(SM16106_T));
              
                  pSM16106->LED_OUT0 = g_DisplayLed.v_f.key_E_led;
                  pSM16106->LED_OUT1 = g_DisplayLed.v_f.key_E_led;
                  pSM16106->LED_OUT2 = g_DisplayLed.v_f.key_E_led;
                  pSM16106->LED_OUT3 = g_DisplayLed.v_f.key_E_led;
                  pSM16106->LED_OUT4 = g_DisplayLed.v_f.key_E_led;
                  pSM16106->LED_OUT5 = g_DisplayLed.v_f.key_E_led;
                  pSM16106->LED_OUT6 = g_DisplayLed.v_f.key_E_led;
C51 COMPILER V9.60.7.0   LED                                                               04/23/2024 20:16:29 PAGE 7   

                  pSM16106->LED_OUT7 = g_DisplayLed.v_f.key_E_led;
                  pSM16106->LED_OUT8 = g_DisplayLed.v_f.key_E_led;
                  pSM16106->LED_OUT9 = g_DisplayLed.v_f.key_E_led;
                  pSM16106->LED_OUT10 = g_DisplayLed.v_f.key_E_led;
                  pSM16106->LED_OUT11 = g_DisplayLed.v_f.key_E_led;
              
                  SM16xx_WriteAll();
                }
              
              
                else if(m_LedData.LedCom == AREA_DRAIN){
                  Port_COM1 = 1;
                  Port_COM2 = 1;
              
                  Port_SW1 = 1;     
                  Port_SW2 = 1;   
                  Port_SW3 = 1;   
                  Port_SW4 = 1;     
                  Port_SW5 = 1;     
                  Port_SW6 = 1;     
                  Port_SW7 = 1;   
                  Port_SW8 = 0;   
                  Port_SW9 = 1;   
                  Port_SW10 = 1;      
                  Port_SW11 = 1;
                  Port_SW12 = 1;      
                  Port_SW13 = 1;
                  Port_HandMove = 1;
              
                  memset(pSM16106, 0, sizeof(SM16106_T));
              
                  pSM16106->LED_OUT0 = g_DisplayLed.v_f.key_drain_led;
                  pSM16106->LED_OUT1 = g_DisplayLed.v_f.key_drain_led;
                  pSM16106->LED_OUT2 = g_DisplayLed.v_f.key_drain_led;
                  pSM16106->LED_OUT3 = g_DisplayLed.v_f.key_drain_led;
                  pSM16106->LED_OUT4 = g_DisplayLed.v_f.key_drain_led;
                  pSM16106->LED_OUT5 = g_DisplayLed.v_f.key_drain_led;
                  pSM16106->LED_OUT6 = g_DisplayLed.v_f.key_drain_led;
                  pSM16106->LED_OUT7 = g_DisplayLed.v_f.key_drain_led;
                  pSM16106->LED_OUT8 = g_DisplayLed.v_f.key_drain_led;
                  pSM16106->LED_OUT9 = g_DisplayLed.v_f.key_drain_led;
                  pSM16106->LED_OUT10 = g_DisplayLed.v_f.key_drain_led;
                  pSM16106->LED_OUT11 = g_DisplayLed.v_f.key_drain_led;
              
                  SM16xx_WriteAll();
                }
              
                else if(m_LedData.LedCom == AREA_MENU){
                  Port_COM1 = 1;
                  Port_COM2 = 1;
              
                  Port_SW1 = 1;     
                  Port_SW2 = 1;   
                  Port_SW3 = 1;   
                  Port_SW4 = 1;     
                  Port_SW5 = 1;     
                  Port_SW6 = 1;     
                  Port_SW7 = 1;   
                  Port_SW8 = 1;   
                  Port_SW9 = 0;   
                  Port_SW10 = 1;      
                  Port_SW11 = 1;
C51 COMPILER V9.60.7.0   LED                                                               04/23/2024 20:16:29 PAGE 8   

                  Port_SW12 = 1;      
                  Port_SW13 = 1;
                  Port_HandMove = 1;
              
                  memset(pSM16106, 0, sizeof(SM16106_T));
              
                  pSM16106->LED_OUT0 = g_DisplayLed.v_f.key_menu_led;
                  pSM16106->LED_OUT1 = g_DisplayLed.v_f.key_menu_led;
                  pSM16106->LED_OUT2 = g_DisplayLed.v_f.key_menu_led;
                  pSM16106->LED_OUT3 = g_DisplayLed.v_f.key_menu_led;
                  pSM16106->LED_OUT4 = g_DisplayLed.v_f.key_menu_led;
                  pSM16106->LED_OUT5 = g_DisplayLed.v_f.key_menu_led;
                  pSM16106->LED_OUT6 = g_DisplayLed.v_f.key_menu_led;
                  pSM16106->LED_OUT7 = g_DisplayLed.v_f.key_menu_led;
                  pSM16106->LED_OUT8 = g_DisplayLed.v_f.key_menu_led;
                  pSM16106->LED_OUT9 = g_DisplayLed.v_f.key_menu_led;
                  pSM16106->LED_OUT10 = g_DisplayLed.v_f.key_menu_led;
                  pSM16106->LED_OUT11 = g_DisplayLed.v_f.key_menu_led;
              
                  SM16xx_WriteAll();
                }
              
                else if(m_LedData.LedCom == AREA_NUM1){
                  Port_COM1 = 0;
                  Port_COM2 = 1;
              
                  Port_SW1 = 1;     
                  Port_SW2 = 1;   
                  Port_SW3 = 1;   
                  Port_SW4 = 1;     
                  Port_SW5 = 1;     
                  Port_SW6 = 1;     
                  Port_SW7 = 1;   
                  Port_SW8 = 1;   
                  Port_SW9 = 1;   
                  Port_SW10 = 1;      
                  Port_SW11 = 1;
                  Port_SW12 = 1;      
                  Port_SW13 = 1;
                  Port_HandMove = 1;
              
                  memset(pSM16106, 0, sizeof(SM16106_T));
              
                  pSM16106->LED_OUT0 = g_DisplayLed.v_f.num1_A_led;
                  pSM16106->LED_OUT1 = g_DisplayLed.v_f.num1_F_led;
                  pSM16106->LED_OUT2 = g_DisplayLed.v_f.num1_B_led;
                  pSM16106->LED_OUT3 = g_DisplayLed.v_f.num1_G_led;
                  pSM16106->LED_OUT4 = g_DisplayLed.v_f.num1_E_led;
                  pSM16106->LED_OUT5 = g_DisplayLed.v_f.num1_C_led;
                  pSM16106->LED_OUT6 = g_DisplayLed.v_f.num1_D_led;
                  pSM16106->LED_OUT7 = g_DisplayLed.v_f.point_led;
              
                
                  
              
                  SM16xx_WriteAll();
                }
              
                else if(m_LedData.LedCom == AREA_NUM2){
                  Port_COM1 = 1;
                  Port_COM2 = 0;
              
C51 COMPILER V9.60.7.0   LED                                                               04/23/2024 20:16:29 PAGE 9   

                  Port_SW1 = 1;     
                  Port_SW2 = 1;   
                  Port_SW3 = 1;   
                  Port_SW4 = 1;     
                  Port_SW5 = 1;     
                  Port_SW6 = 1;     
                  Port_SW7 = 1;   
                  Port_SW8 = 1;   
                  Port_SW9 = 1;   
                  Port_SW10 = 1;      
                  Port_SW11 = 1;
                  Port_SW12 = 1;      
                  Port_SW13 = 1;
                  Port_HandMove = 1;
              
                  memset(pSM16106, 0, sizeof(SM16106_T));
              
                  pSM16106->LED_OUT0 = g_DisplayLed.v_f.num2_A_led;
                  pSM16106->LED_OUT1 = g_DisplayLed.v_f.num2_F_led;
                  pSM16106->LED_OUT2 = g_DisplayLed.v_f.num2_B_led;
                  pSM16106->LED_OUT3 = g_DisplayLed.v_f.num2_G_led;
                  pSM16106->LED_OUT4 = g_DisplayLed.v_f.num2_E_led;
                  pSM16106->LED_OUT5 = g_DisplayLed.v_f.num2_C_led;
                  pSM16106->LED_OUT6 = g_DisplayLed.v_f.num2_D_led;
                  pSM16106->LED_OUT7 = g_DisplayLed.v_f.temper_led;
                  
                  pSM16106->LED_OUT8 = g_DisplayLed.v_f.process_led;
                  pSM16106->LED_OUT9 = g_DisplayLed.v_f.time_led;
                  
                  
              
                  SM16xx_WriteAll();
                }
              
                else if(m_LedData.LedCom == AREA_UP){
                  Port_COM1 = 1;
                  Port_COM2 = 1;
              
                  Port_SW1 = 1;     
                  Port_SW2 = 1;   
                  Port_SW3 = 1;   
                  Port_SW4 = 1;     
                  Port_SW5 = 1;     
                  Port_SW6 = 1;     
                  Port_SW7 = 1;   
                  Port_SW8 = 1;   
                  Port_SW9 = 1;   
                  Port_SW10 = 1;      
                  Port_SW11 = 0;
                  Port_SW12 = 1;      
                  Port_SW13 = 1;
                  Port_HandMove = 1;
              
                  memset(pSM16106, 0, sizeof(SM16106_T));
              
                  pSM16106->LED_OUT0 = g_DisplayLed.v_f.key_up_led;
                  pSM16106->LED_OUT1 = g_DisplayLed.v_f.key_up_led;
                  pSM16106->LED_OUT2 = g_DisplayLed.v_f.key_up_led;
                  
                  
                  
              
C51 COMPILER V9.60.7.0   LED                                                               04/23/2024 20:16:29 PAGE 10  

                  SM16xx_WriteAll();
                }
              
                else if(m_LedData.LedCom == AREA_DOWN){
                  Port_COM1 = 1;
                  Port_COM2 = 1;
              
                  Port_SW1 = 1;     
                  Port_SW2 = 1;   
                  Port_SW3 = 1;   
                  Port_SW4 = 1;     
                  Port_SW5 = 1;     
                  Port_SW6 = 1;     
                  Port_SW7 = 1;   
                  Port_SW8 = 1;   
                  Port_SW9 = 1;   
                  Port_SW10 = 0;      
                  Port_SW11 = 1;
                  Port_SW12 = 1;      
                  Port_SW13 = 1;
                  Port_HandMove = 1;
              
                  memset(pSM16106, 0, sizeof(SM16106_T));
              
                  pSM16106->LED_OUT0 = g_DisplayLed.v_f.key_down_led;
                  pSM16106->LED_OUT1 = g_DisplayLed.v_f.key_down_led;
                  pSM16106->LED_OUT2 = g_DisplayLed.v_f.key_down_led;
                  
                  
                  
              
                  SM16xx_WriteAll();
                }
              
                else if(m_LedData.LedCom == AREA_HEAT){
                  Port_COM1 = 1;
                  Port_COM2 = 1;
              
                  Port_SW1 = 1;     
                  Port_SW2 = 1;   
                  Port_SW3 = 1;   
                  Port_SW4 = 1;     
                  Port_SW5 = 1;     
                  Port_SW6 = 1;     
                  Port_SW7 = 1;   
                  Port_SW8 = 1;   
                  Port_SW9 = 1;   
                  Port_SW10 = 1;      
                  Port_SW11 = 1;
                  Port_SW12 = 0;      
                  Port_SW13 = 1;
                  Port_HandMove = 1;
              
                  memset(pSM16106, 0, sizeof(SM16106_T));
              
                  pSM16106->LED_OUT0 = g_DisplayLed.v_f.key_heat_led;
                  pSM16106->LED_OUT1 = g_DisplayLed.v_f.key_heat_led;
                  pSM16106->LED_OUT2 = g_DisplayLed.v_f.key_heat_led;
                  pSM16106->LED_OUT3 = g_DisplayLed.v_f.key_heat_led;
                  pSM16106->LED_OUT4 = g_DisplayLed.v_f.key_heat_led;
                  pSM16106->LED_OUT5 = g_DisplayLed.v_f.key_heat_led;
                  pSM16106->LED_OUT6 = g_DisplayLed.v_f.key_heat_led;
C51 COMPILER V9.60.7.0   LED                                                               04/23/2024 20:16:29 PAGE 11  

                  pSM16106->LED_OUT7 = g_DisplayLed.v_f.key_heat_led;
                  pSM16106->LED_OUT8 = g_DisplayLed.v_f.key_heat_led;
                  pSM16106->LED_OUT9 = g_DisplayLed.v_f.key_heat_led;
                  pSM16106->LED_OUT10 = g_DisplayLed.v_f.key_heat_led;
                  
                  
                  
              
                  SM16xx_WriteAll();
                }
              
              
              
                else if(m_LedData.LedCom == AREA_PLAY){
                  Port_COM1 = 1;
                  Port_COM2 = 1;
              
                  Port_SW1 = 1;     
                  Port_SW2 = 1;   
                  Port_SW3 = 1;   
                  Port_SW4 = 1;     
                  Port_SW5 = 1;     
                  Port_SW6 = 1;     
                  Port_SW7 = 1;   
                  Port_SW8 = 1;   
                  Port_SW9 = 1;   
                  Port_SW10 = 1;      
                  Port_SW11 = 1;
                  Port_SW12 = 1;      
                  Port_SW13 = 0;
                  Port_HandMove = 1;
              
                  memset(pSM16106, 0, sizeof(SM16106_T));
              
                  pSM16106->LED_OUT0 = g_DisplayLed.v_f.key_play_led;
                  pSM16106->LED_OUT1 = g_DisplayLed.v_f.key_play_led;
                  pSM16106->LED_OUT2 = g_DisplayLed.v_f.key_play_led;
                  pSM16106->LED_OUT3 = g_DisplayLed.v_f.key_play_led;
                  pSM16106->LED_OUT4 = g_DisplayLed.v_f.key_play_led;
                  pSM16106->LED_OUT5 = g_DisplayLed.v_f.key_play_led;
                  pSM16106->LED_OUT6 = g_DisplayLed.v_f.key_play_led;
                  pSM16106->LED_OUT7 = g_DisplayLed.v_f.key_play_led;
                  pSM16106->LED_OUT8 = g_DisplayLed.v_f.key_play_led;
                  pSM16106->LED_OUT9 = g_DisplayLed.v_f.key_play_led;
                  pSM16106->LED_OUT10 = g_DisplayLed.v_f.key_play_led;
                  
                  
                  
              
                  SM16xx_WriteAll();
                }
              
                else if(m_LedData.LedCom == AREA_HAND){
                  Port_COM1 = 1;
                  Port_COM2 = 1;
              
                  Port_SW1 = 1;     
                  Port_SW2 = 1;   
                  Port_SW3 = 1;   
                  Port_SW4 = 1;     
                  Port_SW5 = 1;     
                  Port_SW6 = 1;     
C51 COMPILER V9.60.7.0   LED                                                               04/23/2024 20:16:29 PAGE 12  

                  Port_SW7 = 1;   
                  Port_SW8 = 1;   
                  Port_SW9 = 1;   
                  Port_SW10 = 1;      
                  Port_SW11 = 1;
                  Port_SW12 = 1;      
                  Port_SW13 = 1;
                  Port_HandMove = 0;
              
                  memset(pSM16106, 0, sizeof(SM16106_T));
              
                  pSM16106->LED_OUT0 = g_DisplayLed.v_f.hand_left_led;
                  pSM16106->LED_OUT1 = g_DisplayLed.v_f.hand_right_led;
                
                  
                  
                  
              
                  SM16xx_WriteAll();
                }
              
                  m_LedData.LedCom++;
                  if(m_LedData.LedCom >= 16) m_LedData.LedCom = 0;
                }
              
                
              
                
              
                
              }
              
              
              #endif
 707          
 708          #if(1)
 709          
 710          
 711          void Led_100usPool(uint8 area,uint8 brightness){
 712   1        if(g_View.BrightnessTime[0] > 10){
 713   2          g_View.BrightnessTime[0] = 0;
 714   2        }else{
 715   2          g_View.BrightnessTime[0] ++;
*** ERROR C187 IN LINE 715 OF Hardware\Led.c: not an lvalue
 716   2        }
 717   1      
 718   1        Led_All_Close();
 719   1      
 720   1        if(m_LedData.LedCom == AREA_POWER){
 721   2          Port_COM1 = 1;
 722   2          Port_COM2 = 1;
 723   2      
 724   2          Port_SW1 = 0;     
 725   2          Port_SW2 = 1;   
 726   2          Port_SW3 = 1;   
 727   2          Port_SW4 = 1;     
 728   2          Port_SW5 = 1;     
 729   2          Port_SW6 = 1;     
 730   2          Port_SW7 = 1;   
 731   2          Port_SW8 = 1;   
 732   2          Port_SW9 = 1;   
 733   2          Port_SW10 = 1;      
C51 COMPILER V9.60.7.0   LED                                                               04/23/2024 20:16:29 PAGE 13  

 734   2          Port_SW11 = 1;
 735   2          Port_SW12 = 1;      
 736   2          Port_SW13 = 1;
 737   2          Port_HandMove = 1;
 738   2      
 739   2          memset(pSM16106, 0, sizeof(SM16106_T));
 740   2      
 741   2          if(g_DisplayLed.v_f.key_power_led == SET){
 742   3            pSM16106->LED_OUT0 = g_DisplayLed.v_f.key_power_led;
 743   3            pSM16106->LED_OUT1 = g_DisplayLed.v_f.key_power_led;
 744   3            pSM16106->LED_OUT2 = g_DisplayLed.v_f.key_power_led;
 745   3            pSM16106->LED_OUT3 = g_DisplayLed.v_f.key_power_led;
 746   3            pSM16106->LED_OUT4 = g_DisplayLed.v_f.key_power_led;
 747   3            pSM16106->LED_OUT5 = g_DisplayLed.v_f.key_power_led;
 748   3            pSM16106->LED_OUT6 = g_DisplayLed.v_f.key_power_led;
 749   3            pSM16106->LED_OUT7 = g_DisplayLed.v_f.key_power_led;
 750   3            pSM16106->LED_OUT8 = g_DisplayLed.v_f.key_power_led;
 751   3            pSM16106->LED_OUT9 = g_DisplayLed.v_f.key_power_led;
 752   3            pSM16106->LED_OUT10 = g_DisplayLed.v_f.key_power_led;
 753   3          }
 754   2          else if(g_DisplayLed.v_f.key_power_led == SET){
 755   3            Led_All_Close();
 756   3          }
 757   2      
 758   2          SM16xx_WriteAll();
 759   2          
 760   2        }
 761   1      
 762   1        else if(m_LedData.LedCom == AREA_DOOR){
 763   2          Port_COM1 = 1;
 764   2          Port_COM2 = 1;
 765   2      
 766   2          Port_SW1 = 1;     
 767   2          Port_SW2 = 0;   
 768   2          Port_SW3 = 1;   
 769   2          Port_SW4 = 1;     
 770   2          Port_SW5 = 1;     
 771   2          Port_SW6 = 1;     
 772   2          Port_SW7 = 1;   
 773   2          Port_SW8 = 1;   
 774   2          Port_SW9 = 1;   
 775   2          Port_SW10 = 1;      
 776   2          Port_SW11 = 1;
 777   2          Port_SW12 = 1;      
 778   2          Port_SW13 = 1;
 779   2          Port_HandMove = 1;
 780   2      
 781   2          memset(pSM16106, 0, sizeof(SM16106_T));
 782   2      
 783   2          if(g_DisplayLed.v_f.key_door_led == SET){
 784   3            pSM16106->LED_OUT0 = g_DisplayLed.v_f.key_door_led;
 785   3            pSM16106->LED_OUT1 = g_DisplayLed.v_f.key_door_led;
 786   3            pSM16106->LED_OUT2 = g_DisplayLed.v_f.key_door_led;
 787   3            pSM16106->LED_OUT3 = g_DisplayLed.v_f.key_door_led;
 788   3            pSM16106->LED_OUT4 = g_DisplayLed.v_f.key_door_led;
 789   3            pSM16106->LED_OUT5 = g_DisplayLed.v_f.key_door_led;
 790   3            pSM16106->LED_OUT6 = g_DisplayLed.v_f.key_door_led;
 791   3            pSM16106->LED_OUT7 = g_DisplayLed.v_f.key_door_led;
 792   3            pSM16106->LED_OUT8 = g_DisplayLed.v_f.key_door_led;
 793   3            pSM16106->LED_OUT9 = g_DisplayLed.v_f.key_door_led;
 794   3            pSM16106->LED_OUT10 = g_DisplayLed.v_f.key_door_led;
 795   3          }
C51 COMPILER V9.60.7.0   LED                                                               04/23/2024 20:16:29 PAGE 14  

 796   2      
 797   2          
 798   2      
 799   2          SM16xx_WriteAll();
 800   2        }
 801   1      
 802   1        else if(m_LedData.LedCom == AREA_A){
 803   2          Port_COM1 = 1;
 804   2          Port_COM2 = 1;
 805   2      
 806   2          Port_SW1 = 1;     
 807   2          Port_SW2 = 1;   
 808   2          Port_SW3 = 0;   
 809   2          Port_SW4 = 1;     
 810   2          Port_SW5 = 1;     
 811   2          Port_SW6 = 1;     
 812   2          Port_SW7 = 1;   
 813   2          Port_SW8 = 1;   
 814   2          Port_SW9 = 1;   
 815   2          Port_SW10 = 1;      
 816   2          Port_SW11 = 1;
 817   2          Port_SW12 = 1;      
 818   2          Port_SW13 = 1;
 819   2          Port_HandMove = 1;
 820   2      
 821   2          memset(pSM16106, 0, sizeof(SM16106_T));
 822   2      
 823   2          if(g_DisplayLed.v_f.key_A_led == SET){
 824   3            pSM16106->LED_OUT0 = g_DisplayLed.v_f.key_A_led;
 825   3            pSM16106->LED_OUT1 = g_DisplayLed.v_f.key_A_led;
 826   3            pSM16106->LED_OUT2 = g_DisplayLed.v_f.key_A_led;
 827   3            pSM16106->LED_OUT3 = g_DisplayLed.v_f.key_A_led;
 828   3            pSM16106->LED_OUT4 = g_DisplayLed.v_f.key_A_led;
 829   3            pSM16106->LED_OUT5 = g_DisplayLed.v_f.key_A_led;
 830   3            pSM16106->LED_OUT6 = g_DisplayLed.v_f.key_A_led;
 831   3            pSM16106->LED_OUT7 = g_DisplayLed.v_f.key_A_led;
 832   3            pSM16106->LED_OUT8 = g_DisplayLed.v_f.key_A_led;
 833   3            pSM16106->LED_OUT9 = g_DisplayLed.v_f.key_A_led;
 834   3            pSM16106->LED_OUT10 = g_DisplayLed.v_f.key_A_led;
 835   3            pSM16106->LED_OUT11 = g_DisplayLed.v_f.key_A_led;
 836   3      
 837   3          }
 838   2      
 839   2          SM16xx_WriteAll();
 840   2        }
 841   1      
 842   1        else if(m_LedData.LedCom == AREA_B){
 843   2          Port_COM1 = 1;
 844   2          Port_COM2 = 1;
 845   2      
 846   2          Port_SW1 = 1;     
 847   2          Port_SW2 = 1;   
 848   2          Port_SW3 = 1;   
 849   2          Port_SW4 = 0;     
 850   2          Port_SW5 = 1;     
 851   2          Port_SW6 = 1;     
 852   2          Port_SW7 = 1;   
 853   2          Port_SW8 = 1;   
 854   2          Port_SW9 = 1;   
 855   2          Port_SW10 = 1;      
 856   2          Port_SW11 = 1;
 857   2          Port_SW12 = 1;      
C51 COMPILER V9.60.7.0   LED                                                               04/23/2024 20:16:29 PAGE 15  

 858   2          Port_SW13 = 1;
 859   2          Port_HandMove = 1;
 860   2      
 861   2          memset(pSM16106, 0, sizeof(SM16106_T));
 862   2      
 863   2          if(g_DisplayLed.v_f.key_B_led == SET){
 864   3            pSM16106->LED_OUT0 = g_DisplayLed.v_f.key_B_led;
 865   3            pSM16106->LED_OUT1 = g_DisplayLed.v_f.key_B_led;
 866   3            pSM16106->LED_OUT2 = g_DisplayLed.v_f.key_B_led;
 867   3            pSM16106->LED_OUT3 = g_DisplayLed.v_f.key_B_led;
 868   3            pSM16106->LED_OUT4 = g_DisplayLed.v_f.key_B_led;
 869   3            pSM16106->LED_OUT5 = g_DisplayLed.v_f.key_B_led;
 870   3            pSM16106->LED_OUT6 = g_DisplayLed.v_f.key_B_led;
 871   3            pSM16106->LED_OUT7 = g_DisplayLed.v_f.key_B_led;
 872   3            pSM16106->LED_OUT8 = g_DisplayLed.v_f.key_B_led;
 873   3            pSM16106->LED_OUT9 = g_DisplayLed.v_f.key_B_led;
 874   3            pSM16106->LED_OUT10 = g_DisplayLed.v_f.key_B_led;
 875   3            pSM16106->LED_OUT11 = g_DisplayLed.v_f.key_B_led;
 876   3          }
 877   2      
 878   2      
 879   2          SM16xx_WriteAll();
 880   2        }
 881   1      
 882   1        else if(m_LedData.LedCom == AREA_C){
 883   2          Port_COM1 = 1;
 884   2          Port_COM2 = 1;
 885   2      
 886   2          Port_SW1 = 1;     
 887   2          Port_SW2 = 1;   
 888   2          Port_SW3 = 1;   
 889   2          Port_SW4 = 1;     
 890   2          Port_SW5 = 0;     
 891   2          Port_SW6 = 1;     
 892   2          Port_SW7 = 1;   
 893   2          Port_SW8 = 1;   
 894   2          Port_SW9 = 1;   
 895   2          Port_SW10 = 1;      
 896   2          Port_SW11 = 1;
 897   2          Port_SW12 = 1;      
 898   2          Port_SW13 = 1;
 899   2          Port_HandMove = 1;
 900   2      
 901   2          memset(pSM16106, 0, sizeof(SM16106_T));
 902   2      
 903   2          if(g_DisplayLed.v_f.key_C_led == SET){
 904   3            pSM16106->LED_OUT0 = g_DisplayLed.v_f.key_C_led;
 905   3            pSM16106->LED_OUT1 = g_DisplayLed.v_f.key_C_led;
 906   3            pSM16106->LED_OUT2 = g_DisplayLed.v_f.key_C_led;
 907   3            pSM16106->LED_OUT3 = g_DisplayLed.v_f.key_C_led;
 908   3            pSM16106->LED_OUT4 = g_DisplayLed.v_f.key_C_led;
 909   3            pSM16106->LED_OUT5 = g_DisplayLed.v_f.key_C_led;
 910   3            pSM16106->LED_OUT6 = g_DisplayLed.v_f.key_C_led;
 911   3            pSM16106->LED_OUT7 = g_DisplayLed.v_f.key_C_led;
 912   3            pSM16106->LED_OUT8 = g_DisplayLed.v_f.key_C_led;
 913   3            pSM16106->LED_OUT9 = g_DisplayLed.v_f.key_C_led;
 914   3            pSM16106->LED_OUT10 = g_DisplayLed.v_f.key_C_led;
 915   3            pSM16106->LED_OUT11 = g_DisplayLed.v_f.key_C_led;
 916   3          }
 917   2      
 918   2          SM16xx_WriteAll();
 919   2        }
C51 COMPILER V9.60.7.0   LED                                                               04/23/2024 20:16:29 PAGE 16  

 920   1      
 921   1        else if(m_LedData.LedCom == AREA_D){
 922   2          Port_COM1 = 1;
 923   2          Port_COM2 = 1;
 924   2      
 925   2          Port_SW1 = 1;     
 926   2          Port_SW2 = 1;   
 927   2          Port_SW3 = 1;   
 928   2          Port_SW4 = 1;     
 929   2          Port_SW5 = 1;     
 930   2          Port_SW6 = 0;     
 931   2          Port_SW7 = 1;   
 932   2          Port_SW8 = 1;   
 933   2          Port_SW9 = 1;   
 934   2          Port_SW10 = 1;      
 935   2          Port_SW11 = 1;
 936   2          Port_SW12 = 1;      
 937   2          Port_SW13 = 1;
 938   2          Port_HandMove = 1;
 939   2      
 940   2          memset(pSM16106, 0, sizeof(SM16106_T));
 941   2      
 942   2          if(g_DisplayLed.v_f.key_D_led == SET){
 943   3            pSM16106->LED_OUT0 = g_DisplayLed.v_f.key_D_led;
 944   3            pSM16106->LED_OUT1 = g_DisplayLed.v_f.key_D_led;
 945   3            pSM16106->LED_OUT2 = g_DisplayLed.v_f.key_D_led;
 946   3            pSM16106->LED_OUT3 = g_DisplayLed.v_f.key_D_led;
 947   3            pSM16106->LED_OUT4 = g_DisplayLed.v_f.key_D_led;
 948   3            pSM16106->LED_OUT5 = g_DisplayLed.v_f.key_D_led;
 949   3            pSM16106->LED_OUT6 = g_DisplayLed.v_f.key_D_led;
 950   3            pSM16106->LED_OUT7 = g_DisplayLed.v_f.key_D_led;
 951   3            pSM16106->LED_OUT8 = g_DisplayLed.v_f.key_D_led;
 952   3            pSM16106->LED_OUT9 = g_DisplayLed.v_f.key_D_led;
 953   3            pSM16106->LED_OUT10 = g_DisplayLed.v_f.key_D_led;
 954   3            pSM16106->LED_OUT11 = g_DisplayLed.v_f.key_D_led;
 955   3      
 956   3          }
 957   2      
 958   2      
 959   2          SM16xx_WriteAll();
 960   2        }
 961   1      
 962   1        else if(m_LedData.LedCom == AREA_E){
 963   2          Port_COM1 = 1;
 964   2          Port_COM2 = 1;
 965   2      
 966   2          Port_SW1 = 1;     
 967   2          Port_SW2 = 1;   
 968   2          Port_SW3 = 1;   
 969   2          Port_SW4 = 1;     
 970   2          Port_SW5 = 1;     
 971   2          Port_SW6 = 1;     
 972   2          Port_SW7 = 0;   
 973   2          Port_SW8 = 1;   
 974   2          Port_SW9 = 1;   
 975   2          Port_SW10 = 1;      
 976   2          Port_SW11 = 1;
 977   2          Port_SW12 = 1;      
 978   2          Port_SW13 = 1;
 979   2          Port_HandMove = 1;
 980   2      
 981   2          memset(pSM16106, 0, sizeof(SM16106_T));
C51 COMPILER V9.60.7.0   LED                                                               04/23/2024 20:16:29 PAGE 17  

 982   2      
 983   2          if(g_DisplayLed.v_f.key_E_led == SET){
 984   3            pSM16106->LED_OUT0 = g_DisplayLed.v_f.key_E_led;
 985   3            pSM16106->LED_OUT1 = g_DisplayLed.v_f.key_E_led;
 986   3            pSM16106->LED_OUT2 = g_DisplayLed.v_f.key_E_led;
 987   3            pSM16106->LED_OUT3 = g_DisplayLed.v_f.key_E_led;
 988   3            pSM16106->LED_OUT4 = g_DisplayLed.v_f.key_E_led;
 989   3            pSM16106->LED_OUT5 = g_DisplayLed.v_f.key_E_led;
 990   3            pSM16106->LED_OUT6 = g_DisplayLed.v_f.key_E_led;
 991   3            pSM16106->LED_OUT7 = g_DisplayLed.v_f.key_E_led;
 992   3            pSM16106->LED_OUT8 = g_DisplayLed.v_f.key_E_led;
 993   3            pSM16106->LED_OUT9 = g_DisplayLed.v_f.key_E_led;
 994   3            pSM16106->LED_OUT10 = g_DisplayLed.v_f.key_E_led;
 995   3            pSM16106->LED_OUT11 = g_DisplayLed.v_f.key_E_led;
 996   3          }
 997   2      
 998   2          SM16xx_WriteAll();
 999   2        }
1000   1      
1001   1      
1002   1        else if(m_LedData.LedCom == AREA_DRAIN){
1003   2          Port_COM1 = 1;
1004   2          Port_COM2 = 1;
1005   2      
1006   2          Port_SW1 = 1;     
1007   2          Port_SW2 = 1;   
1008   2          Port_SW3 = 1;   
1009   2          Port_SW4 = 1;     
1010   2          Port_SW5 = 1;     
1011   2          Port_SW6 = 1;     
1012   2          Port_SW7 = 1;   
1013   2          Port_SW8 = 0;   
1014   2          Port_SW9 = 1;   
1015   2          Port_SW10 = 1;      
1016   2          Port_SW11 = 1;
1017   2          Port_SW12 = 1;      
1018   2          Port_SW13 = 1;
1019   2          Port_HandMove = 1;
1020   2      
1021   2          memset(pSM16106, 0, sizeof(SM16106_T));
1022   2      
1023   2          if(g_DisplayLed.v_f.key_drain_led == SET){
1024   3            pSM16106->LED_OUT0 = g_DisplayLed.v_f.key_drain_led;
1025   3            pSM16106->LED_OUT1 = g_DisplayLed.v_f.key_drain_led;
1026   3            pSM16106->LED_OUT2 = g_DisplayLed.v_f.key_drain_led;
1027   3            pSM16106->LED_OUT3 = g_DisplayLed.v_f.key_drain_led;
1028   3            pSM16106->LED_OUT4 = g_DisplayLed.v_f.key_drain_led;
1029   3            pSM16106->LED_OUT5 = g_DisplayLed.v_f.key_drain_led;
1030   3            pSM16106->LED_OUT6 = g_DisplayLed.v_f.key_drain_led;
1031   3            pSM16106->LED_OUT7 = g_DisplayLed.v_f.key_drain_led;
1032   3            pSM16106->LED_OUT8 = g_DisplayLed.v_f.key_drain_led;
1033   3            pSM16106->LED_OUT9 = g_DisplayLed.v_f.key_drain_led;
1034   3            pSM16106->LED_OUT10 = g_DisplayLed.v_f.key_drain_led;
1035   3            pSM16106->LED_OUT11 = g_DisplayLed.v_f.key_drain_led;
1036   3          }
1037   2      
1038   2      
1039   2          SM16xx_WriteAll();
1040   2        }
1041   1      
1042   1        else if(m_LedData.LedCom == AREA_MENU){
1043   2          Port_COM1 = 1;
C51 COMPILER V9.60.7.0   LED                                                               04/23/2024 20:16:29 PAGE 18  

1044   2          Port_COM2 = 1;
1045   2      
1046   2          Port_SW1 = 1;     
1047   2          Port_SW2 = 1;   
1048   2          Port_SW3 = 1;   
1049   2          Port_SW4 = 1;     
1050   2          Port_SW5 = 1;     
1051   2          Port_SW6 = 1;     
1052   2          Port_SW7 = 1;   
1053   2          Port_SW8 = 1;   
1054   2          Port_SW9 = 0;   
1055   2          Port_SW10 = 1;      
1056   2          Port_SW11 = 1;
1057   2          Port_SW12 = 1;      
1058   2          Port_SW13 = 1;
1059   2          Port_HandMove = 1;
1060   2      
1061   2          memset(pSM16106, 0, sizeof(SM16106_T));
1062   2      
1063   2          if(g_DisplayLed.v_f.key_menu_led == SET){
1064   3            pSM16106->LED_OUT0 = g_DisplayLed.v_f.key_menu_led;
1065   3            pSM16106->LED_OUT1 = g_DisplayLed.v_f.key_menu_led;
1066   3            pSM16106->LED_OUT2 = g_DisplayLed.v_f.key_menu_led;
1067   3            pSM16106->LED_OUT3 = g_DisplayLed.v_f.key_menu_led;
1068   3            pSM16106->LED_OUT4 = g_DisplayLed.v_f.key_menu_led;
1069   3            pSM16106->LED_OUT5 = g_DisplayLed.v_f.key_menu_led;
1070   3            pSM16106->LED_OUT6 = g_DisplayLed.v_f.key_menu_led;
1071   3            pSM16106->LED_OUT7 = g_DisplayLed.v_f.key_menu_led;
1072   3            pSM16106->LED_OUT8 = g_DisplayLed.v_f.key_menu_led;
1073   3            pSM16106->LED_OUT9 = g_DisplayLed.v_f.key_menu_led;
1074   3            pSM16106->LED_OUT10 = g_DisplayLed.v_f.key_menu_led;
1075   3            pSM16106->LED_OUT11 = g_DisplayLed.v_f.key_menu_led;
1076   3          }
1077   2      
1078   2          SM16xx_WriteAll();
1079   2        }
1080   1      
1081   1        else if(m_LedData.LedCom == AREA_NUM1){
1082   2          Port_COM1 = 0;
1083   2          Port_COM2 = 1;
1084   2      
1085   2          Port_SW1 = 1;     
1086   2          Port_SW2 = 1;   
1087   2          Port_SW3 = 1;   
1088   2          Port_SW4 = 1;     
1089   2          Port_SW5 = 1;     
1090   2          Port_SW6 = 1;     
1091   2          Port_SW7 = 1;   
1092   2          Port_SW8 = 1;   
1093   2          Port_SW9 = 1;   
1094   2          Port_SW10 = 1;      
1095   2          Port_SW11 = 1;
1096   2          Port_SW12 = 1;      
1097   2          Port_SW13 = 1;
1098   2          Port_HandMove = 1;
1099   2      
1100   2          memset(pSM16106, 0, sizeof(SM16106_T));
1101   2      
1102   2          
1103   2      //    if(g_DisplayLed.v_f.num1_A_led == SET){
1104   2          if(g_DisplayLed.v[3] | 0XFF){
1105   3            pSM16106->LED_OUT0 = g_DisplayLed.v_f.num1_A_led;
C51 COMPILER V9.60.7.0   LED                                                               04/23/2024 20:16:29 PAGE 19  

1106   3            pSM16106->LED_OUT1 = g_DisplayLed.v_f.num1_F_led;
1107   3            pSM16106->LED_OUT2 = g_DisplayLed.v_f.num1_B_led;
1108   3            pSM16106->LED_OUT3 = g_DisplayLed.v_f.num1_G_led;
1109   3            pSM16106->LED_OUT4 = g_DisplayLed.v_f.num1_E_led;
1110   3            pSM16106->LED_OUT5 = g_DisplayLed.v_f.num1_C_led;
1111   3            pSM16106->LED_OUT6 = g_DisplayLed.v_f.num1_D_led;
1112   3            pSM16106->LED_OUT7 = g_DisplayLed.v_f.point_led;
1113   3      
1114   3          }   
1115   2      
1116   2          SM16xx_WriteAll();
1117   2        }
1118   1      
1119   1        else if(m_LedData.LedCom == AREA_NUM2){
1120   2          Port_COM1 = 1;
1121   2          Port_COM2 = 0;
1122   2      
1123   2          Port_SW1 = 1;     
1124   2          Port_SW2 = 1;   
1125   2          Port_SW3 = 1;   
1126   2          Port_SW4 = 1;     
1127   2          Port_SW5 = 1;     
1128   2          Port_SW6 = 1;     
1129   2          Port_SW7 = 1;   
1130   2          Port_SW8 = 1;   
1131   2          Port_SW9 = 1;   
1132   2          Port_SW10 = 1;      
1133   2          Port_SW11 = 1;
1134   2          Port_SW12 = 1;      
1135   2          Port_SW13 = 1;
1136   2          Port_HandMove = 1;
1137   2      
1138   2          memset(pSM16106, 0, sizeof(SM16106_T));
1139   2      
1140   2          if(g_DisplayLed.v[4] | 0XFF){
1141   3            pSM16106->LED_OUT0 = g_DisplayLed.v_f.num2_A_led;
1142   3            pSM16106->LED_OUT1 = g_DisplayLed.v_f.num2_F_led;
1143   3            pSM16106->LED_OUT2 = g_DisplayLed.v_f.num2_B_led;
1144   3            pSM16106->LED_OUT3 = g_DisplayLed.v_f.num2_G_led;
1145   3            pSM16106->LED_OUT4 = g_DisplayLed.v_f.num2_E_led;
1146   3            pSM16106->LED_OUT5 = g_DisplayLed.v_f.num2_C_led;
1147   3            pSM16106->LED_OUT6 = g_DisplayLed.v_f.num2_D_led;
1148   3            pSM16106->LED_OUT7 = g_DisplayLed.v_f.temper_led;
1149   3            
1150   3            pSM16106->LED_OUT8 = g_DisplayLed.v_f.process_led;
1151   3            pSM16106->LED_OUT9 = g_DisplayLed.v_f.time_led;
1152   3          }
1153   2          
1154   2      
1155   2          SM16xx_WriteAll();
1156   2        }
1157   1      
1158   1        else if(m_LedData.LedCom == AREA_UP){
1159   2          Port_COM1 = 1;
1160   2          Port_COM2 = 1;
1161   2      
1162   2          Port_SW1 = 1;     
1163   2          Port_SW2 = 1;   
1164   2          Port_SW3 = 1;   
1165   2          Port_SW4 = 1;     
1166   2          Port_SW5 = 1;     
1167   2          Port_SW6 = 1;     
C51 COMPILER V9.60.7.0   LED                                                               04/23/2024 20:16:29 PAGE 20  

1168   2          Port_SW7 = 1;   
1169   2          Port_SW8 = 1;   
1170   2          Port_SW9 = 1;   
1171   2          Port_SW10 = 1;      
1172   2          Port_SW11 = 0;
1173   2          Port_SW12 = 1;      
1174   2          Port_SW13 = 1;
1175   2          Port_HandMove = 1;
1176   2      
1177   2          memset(pSM16106, 0, sizeof(SM16106_T));
1178   2      
1179   2          if(g_DisplayLed.v_f.key_up_led == SET){
1180   3            pSM16106->LED_OUT0 = g_DisplayLed.v_f.key_up_led;
1181   3            pSM16106->LED_OUT1 = g_DisplayLed.v_f.key_up_led;
1182   3            pSM16106->LED_OUT2 = g_DisplayLed.v_f.key_up_led;
1183   3          }   
1184   2      
1185   2          SM16xx_WriteAll();
1186   2        }
1187   1      
1188   1        else if(m_LedData.LedCom == AREA_DOWN){
1189   2          Port_COM1 = 1;
1190   2          Port_COM2 = 1;
1191   2      
1192   2          Port_SW1 = 1;     
1193   2          Port_SW2 = 1;   
1194   2          Port_SW3 = 1;   
1195   2          Port_SW4 = 1;     
1196   2          Port_SW5 = 1;     
1197   2          Port_SW6 = 1;     
1198   2          Port_SW7 = 1;   
1199   2          Port_SW8 = 1;   
1200   2          Port_SW9 = 1;   
1201   2          Port_SW10 = 0;      
1202   2          Port_SW11 = 1;
1203   2          Port_SW12 = 1;      
1204   2          Port_SW13 = 1;
1205   2          Port_HandMove = 1;
1206   2      
1207   2          memset(pSM16106, 0, sizeof(SM16106_T));
1208   2      
1209   2          if(g_DisplayLed.v_f.key_down_led == SET){
1210   3            pSM16106->LED_OUT0 = g_DisplayLed.v_f.key_down_led;
1211   3            pSM16106->LED_OUT1 = g_DisplayLed.v_f.key_down_led;
1212   3            pSM16106->LED_OUT2 = g_DisplayLed.v_f.key_down_led;
1213   3          }
1214   2          
1215   2          
1216   2      
1217   2          SM16xx_WriteAll();
1218   2        }
1219   1      
1220   1        else if(m_LedData.LedCom == AREA_HEAT){
1221   2          Port_COM1 = 1;
1222   2          Port_COM2 = 1;
1223   2      
1224   2          Port_SW1 = 1;     
1225   2          Port_SW2 = 1;   
1226   2          Port_SW3 = 1;   
1227   2          Port_SW4 = 1;     
1228   2          Port_SW5 = 1;     
1229   2          Port_SW6 = 1;     
C51 COMPILER V9.60.7.0   LED                                                               04/23/2024 20:16:29 PAGE 21  

1230   2          Port_SW7 = 1;   
1231   2          Port_SW8 = 1;   
1232   2          Port_SW9 = 1;   
1233   2          Port_SW10 = 1;      
1234   2          Port_SW11 = 1;
1235   2          Port_SW12 = 0;      
1236   2          Port_SW13 = 1;
1237   2          Port_HandMove = 1;
1238   2      
1239   2          memset(pSM16106, 0, sizeof(SM16106_T));
1240   2      
1241   2          if(g_DisplayLed.v_f.key_heat_led == SET){
1242   3            pSM16106->LED_OUT0 = g_DisplayLed.v_f.key_heat_led;
1243   3            pSM16106->LED_OUT1 = g_DisplayLed.v_f.key_heat_led;
1244   3            pSM16106->LED_OUT2 = g_DisplayLed.v_f.key_heat_led;
1245   3            pSM16106->LED_OUT3 = g_DisplayLed.v_f.key_heat_led;
1246   3            pSM16106->LED_OUT4 = g_DisplayLed.v_f.key_heat_led;
1247   3            pSM16106->LED_OUT5 = g_DisplayLed.v_f.key_heat_led;
1248   3            pSM16106->LED_OUT6 = g_DisplayLed.v_f.key_heat_led;
1249   3            pSM16106->LED_OUT7 = g_DisplayLed.v_f.key_heat_led;
1250   3            pSM16106->LED_OUT8 = g_DisplayLed.v_f.key_heat_led;
1251   3            pSM16106->LED_OUT9 = g_DisplayLed.v_f.key_heat_led;
1252   3            pSM16106->LED_OUT10 = g_DisplayLed.v_f.key_heat_led;
1253   3          }   
1254   2      
1255   2          SM16xx_WriteAll();
1256   2        }
1257   1      
1258   1      
1259   1      
1260   1        else if(m_LedData.LedCom == AREA_PLAY){
1261   2          Port_COM1 = 1;
1262   2          Port_COM2 = 1;
1263   2      
1264   2          Port_SW1 = 1;     
1265   2          Port_SW2 = 1;   
1266   2          Port_SW3 = 1;   
1267   2          Port_SW4 = 1;     
1268   2          Port_SW5 = 1;     
1269   2          Port_SW6 = 1;     
1270   2          Port_SW7 = 1;   
1271   2          Port_SW8 = 1;   
1272   2          Port_SW9 = 1;   
1273   2          Port_SW10 = 1;      
1274   2          Port_SW11 = 1;
1275   2          Port_SW12 = 1;      
1276   2          Port_SW13 = 0;
1277   2          Port_HandMove = 1;
1278   2      
1279   2          memset(pSM16106, 0, sizeof(SM16106_T));
1280   2      
1281   2          if(g_DisplayLed.v_f.key_play_led == SET){
1282   3            pSM16106->LED_OUT0 = g_DisplayLed.v_f.key_play_led;
1283   3            pSM16106->LED_OUT1 = g_DisplayLed.v_f.key_play_led;
1284   3            pSM16106->LED_OUT2 = g_DisplayLed.v_f.key_play_led;
1285   3            pSM16106->LED_OUT3 = g_DisplayLed.v_f.key_play_led;
1286   3            pSM16106->LED_OUT4 = g_DisplayLed.v_f.key_play_led;
1287   3            pSM16106->LED_OUT5 = g_DisplayLed.v_f.key_play_led;
1288   3            pSM16106->LED_OUT6 = g_DisplayLed.v_f.key_play_led;
1289   3            pSM16106->LED_OUT7 = g_DisplayLed.v_f.key_play_led;
1290   3            pSM16106->LED_OUT8 = g_DisplayLed.v_f.key_play_led;
1291   3            pSM16106->LED_OUT9 = g_DisplayLed.v_f.key_play_led;
C51 COMPILER V9.60.7.0   LED                                                               04/23/2024 20:16:29 PAGE 22  

1292   3            pSM16106->LED_OUT10 = g_DisplayLed.v_f.key_play_led;
1293   3          }
1294   2          
1295   2      
1296   2          SM16xx_WriteAll();
1297   2        }
1298   1      
1299   1        else if(m_LedData.LedCom == AREA_HAND){
1300   2          Port_COM1 = 1;
1301   2          Port_COM2 = 1;
1302   2      
1303   2          Port_SW1 = 1;     
1304   2          Port_SW2 = 1;   
1305   2          Port_SW3 = 1;   
1306   2          Port_SW4 = 1;     
1307   2          Port_SW5 = 1;     
1308   2          Port_SW6 = 1;     
1309   2          Port_SW7 = 1;   
1310   2          Port_SW8 = 1;   
1311   2          Port_SW9 = 1;   
1312   2          Port_SW10 = 1;      
1313   2          Port_SW11 = 1;
1314   2          Port_SW12 = 1;      
1315   2          Port_SW13 = 1;
1316   2          Port_HandMove = 0;
1317   2      
1318   2          memset(pSM16106, 0, sizeof(SM16106_T));
1319   2      
1320   2          if(g_DisplayLed.v[1] | 0x60){
1321   3            pSM16106->LED_OUT0 = g_DisplayLed.v_f.hand_left_led;
1322   3            pSM16106->LED_OUT1 = g_DisplayLed.v_f.hand_right_led;
1323   3          }
1324   2      
1325   2          SM16xx_WriteAll();
1326   2        }
1327   1      
1328   1        m_LedData.LedCom++;
1329   1        if(m_LedData.LedCom >= 16) m_LedData.LedCom = 0;
1330   1      
1331   1      
1332   1        
1333   1        
1334   1      }
1335          
1336          
1337          #endif
1338          
1339          
1340          
1341          
1342          
1343          
1344          
1345          
1346          
1347          
1348          
1349          
1350          
1351          
1352          
1353          
C51 COMPILER V9.60.7.0   LED                                                               04/23/2024 20:16:29 PAGE 23  


C51 COMPILATION COMPLETE.  0 WARNING(S),  2 ERROR(S)
